<?xml version="1.0" encoding="UTF-8" ?>
<testsuites>
  <testsuite errors="0" failures="0" hostname="Thanabodee.local" id="0" name="TaskSpec" package="com.github.wingyplus.todo" tests="1" time="7.225" timestamp="2012-09-01T13:50:16">
      <properties />

      <testcase classname="com.github.wingyplus.todo.TaskSpec" name="task ต้องบันทึกได้" time="6.446" />

      <system-out><![CDATA[--Output from task ต้องบันทึกได้--
]]></system-out>

      <system-err><![CDATA[--Output from task ต้องบันทึกได้--
]]></system-err>

  </testsuite>
  <testsuite errors="0" failures="0" hostname="Thanabodee.local" id="1" name="TodoServiceSpec" package="com.github.wingyplus.todo" tests="1" time="0.431" timestamp="2012-09-01T13:50:23">
      <properties />

      <testcase classname="com.github.wingyplus.todo.TodoServiceSpec" name="เซอร์วิสบันทึกหัวข้อ task" time="0.429" />

      <system-out><![CDATA[--Output from เซอร์วิสบันทึกหัวข้อ task--
]]></system-out>

      <system-err><![CDATA[--Output from เซอร์วิสบันทึกหัวข้อ task--
]]></system-err>

  </testsuite>
</testsuites>
